#
# There is insufficient memory for the Java Runtime Environment to continue.
# Native memory allocation (malloc) failed to allocate 1048576 bytes for AllocateHeap
# Possible reasons:
#   The system is out of physical RAM or swap space
#   In 32 bit mode, the process size limit was hit
# Possible solutions:
#   Reduce memory load on the system
#   Increase physical memory or swap space
#   Check if swap backing store is full
#   Use 64 bit Java on a 64 bit OS
#   Decrease Java heap size (-Xmx/-Xms)
#   Decrease number of Java threads
#   Decrease Java thread stack sizes (-Xss)
#   Set larger code cache with -XX:ReservedCodeCacheSize=
# This output file may be truncated or incomplete.
#
#  Out of Memory Error (memory/allocation.inline.hpp:61), pid=92036, tid=0x000000000001c5b0
#
# JRE version:  (8.0_131-b11) (build )
# Java VM: Java HotSpot(TM) 64-Bit Server VM (25.131-b11 mixed mode windows-amd64 compressed oops)
# Failed to write core dump. Minidumps are not enabled by default on client versions of Windows
#

---------------  T H R E A D  ---------------

Current thread (0x0000000002986000):  JavaThread "Unknown thread" [_thread_in_vm, id=116144, stack(0x0000000002350000,0x0000000002450000)]

Stack: [0x0000000002350000,0x0000000002450000]
[error occurred during error reporting (printing stack bounds), id 0xc0000005]

Native frames: (J=compiled Java code, j=interpreted, Vv=VM code, C=native code)


---------------  P R O C E S S  ---------------

Java Threads: ( => current thread )

Other Threads:

=>0x0000000002986000 (exited) JavaThread "Unknown thread" [_thread_in_vm, id=116144, stack(0x0000000002350000,0x0000000002450000)]

VM state:not at safepoint (normal execution)

VM Mutex/Monitor currently owned by a thread: None

Heap:
 PSYoungGen      total 73728K, used 1269K [0x000000076e000000, 0x0000000773200000, 0x00000007c0000000)
  eden space 63488K, 2% used [0x000000076e000000,0x000000076e13d718,0x0000000771e00000)
  from space 10240K, 0% used [0x0000000772800000,0x0000000772800000,0x0000000773200000)
  to   space 10240K, 0% used [0x0000000771e00000,0x0000000771e00000,0x0000000772800000)
 ParOldGen       total 167936K, used 0K [0x00000006ca000000, 0x00000006d4400000, 0x000000076e000000)
  object space 167936K, 0% used [0x00000006ca000000,0x00000006ca000000,0x00000006d4400000)
 Metaspace       used 781K, capacity 4480K, committed 4480K, reserved 1056768K
  class space    used 75K, capacity 384K, committed 384K, reserved 1048576K

Card table byte_map: [0x0000000011e40000,0x0000000012600000] byte_map_base: 0x000000000e7f0000

Marking Bits: (ParMarkBitMap*) 0x0000000069c4c720
 Begin Bits: [0x0000000013820000, 0x00000000175a0000)
 End Bits:   [0x00000000175a0000, 0x000000001b320000)

Polling page: 0x0000000000660000

CodeCache: size=245760Kb used=327Kb max_used=327Kb free=245432Kb
 bounds [0x0000000002a80000, 0x0000000002cf0000, 0x0000000011a80000]
 total_blobs=57 nmethods=0 adapters=38
 compilation: enabled

Compilation events (0 events):
No events

GC Heap History (0 events):
No events

Deoptimization events (0 events):
No events

Internal exceptions (0 events):
No events

Events (10 events):
Event: 0.030 loading class java/lang/Short
Event: 0.030 loading class java/lang/Short done
Event: 0.030 loading class java/lang/Integer
Event: 0.030 loading class java/lang/Integer done
Event: 0.030 loading class java/lang/Long
Event: 0.030 loading class java/lang/Long done
Event: 0.030 loading class java/lang/NullPointerException
Event: 0.030 loading class java/lang/NullPointerException done
Event: 0.030 loading class java/lang/ArithmeticException
Event: 0.030 loading class java/lang/ArithmeticException done


Dynamic libraries:
0x00007ff7c8320000 - 0x00007ff7c8357000 	C:\Program Files\Java\jdk1.8.0_131\bin\java.exe
0x00007ffb3c730000 - 0x00007ffb3c928000 	C:\WINDOWS\SYSTEM32\ntdll.dll
0x00007ffb3c630000 - 0x00007ffb3c6ef000 	C:\WINDOWS\System32\KERNEL32.DLL
0x00007ffb3a320000 - 0x00007ffb3a5f2000 	C:\WINDOWS\System32\KERNELBASE.dll
0x00007ffb3a920000 - 0x00007ffb3a9ce000 	C:\WINDOWS\System32\ADVAPI32.dll
0x00007ffb3a7d0000 - 0x00007ffb3a86e000 	C:\WINDOWS\System32\msvcrt.dll
0x00007ffb3acb0000 - 0x00007ffb3ad4c000 	C:\WINDOWS\System32\sechost.dll
0x00007ffb3a9d0000 - 0x00007ffb3aaf5000 	C:\WINDOWS\System32\RPCRT4.dll
0x00007ffb3bef0000 - 0x00007ffb3c091000 	C:\WINDOWS\System32\USER32.dll
0x00007ffb3a2f0000 - 0x00007ffb3a312000 	C:\WINDOWS\System32\win32u.dll
0x00007ffb3afe0000 - 0x00007ffb3b00b000 	C:\WINDOWS\System32\GDI32.dll
0x00007ffb3a130000 - 0x00007ffb3a23f000 	C:\WINDOWS\System32\gdi32full.dll
0x00007ffb3a090000 - 0x00007ffb3a12d000 	C:\WINDOWS\System32\msvcp_win.dll
0x00007ffb3a670000 - 0x00007ffb3a770000 	C:\WINDOWS\System32\ucrtbase.dll
0x00007ffb296d0000 - 0x00007ffb2996a000 	C:\WINDOWS\WinSxS\amd64_microsoft.windows.common-controls_6595b64144ccf1df_6.0.19041.1110_none_60b5254171f9507e\COMCTL32.dll
0x00007ffb3abe0000 - 0x00007ffb3ac12000 	C:\WINDOWS\System32\IMM32.DLL
0x0000000069cd0000 - 0x0000000069da2000 	C:\Program Files\Java\jdk1.8.0_131\jre\bin\msvcr100.dll
0x0000000069430000 - 0x0000000069ccc000 	C:\Program Files\Java\jdk1.8.0_131\jre\bin\server\jvm.dll
0x00007ffb3c460000 - 0x00007ffb3c468000 	C:\WINDOWS\System32\PSAPI.DLL
0x00007ffb302f0000 - 0x00007ffb302fa000 	C:\WINDOWS\SYSTEM32\VERSION.dll
0x00007ffb302c0000 - 0x00007ffb302e7000 	C:\WINDOWS\SYSTEM32\WINMM.dll
0x00007ffb354b0000 - 0x00007ffb354b9000 	C:\WINDOWS\SYSTEM32\WSOCK32.dll
0x00007ffb3b010000 - 0x00007ffb3b07b000 	C:\WINDOWS\System32\WS2_32.dll
0x0000000069420000 - 0x000000006942f000 	C:\Program Files\Java\jdk1.8.0_131\jre\bin\verify.dll
0x00000000693f0000 - 0x0000000069419000 	C:\Program Files\Java\jdk1.8.0_131\jre\bin\java.dll
0x0000000069350000 - 0x0000000069385000 	C:\Program Files\Java\jdk1.8.0_131\jre\bin\jdwp.dll
0x0000000069340000 - 0x0000000069348000 	C:\Program Files\Java\jdk1.8.0_131\jre\bin\npt.dll
0x0000000069310000 - 0x0000000069333000 	C:\Program Files\Java\jdk1.8.0_131\jre\bin\instrument.dll
0x00000000693d0000 - 0x00000000693e6000 	C:\Program Files\Java\jdk1.8.0_131\jre\bin\zip.dll

VM Arguments:
jvm_args: -agentlib:jdwp=transport=dt_socket,address=127.0.0.1:60285,suspend=y,server=n -ea -Didea.test.cyclic.buffer.size=1048576 -javaagent:C:\Users\秋水\AppData\Local\JetBrains\IntelliJIdea2022.3\captureAgent\debugger-agent.jar -Dfile.encoding=UTF-8 
java_command: com.intellij.rt.junit.JUnitStarter -ideVersion5 -junit4 crm.utils.test.FileDownloadTest,testDownloadExcel
java_class_path (initial): D:\IDEA\Idea\IntelliJ IDEA 2022.3.1\lib\idea_rt.jar;D:\IDEA\Idea\IntelliJ IDEA 2022.3.1\plugins\junit\lib\junit5-rt.jar;D:\IDEA\Idea\IntelliJ IDEA 2022.3.1\plugins\junit\lib\junit-rt.jar;C:\Program Files\Java\jdk1.8.0_131\jre\lib\charsets.jar;C:\Program Files\Java\jdk1.8.0_131\jre\lib\deploy.jar;C:\Program Files\Java\jdk1.8.0_131\jre\lib\ext\access-bridge-64.jar;C:\Program Files\Java\jdk1.8.0_131\jre\lib\ext\cldrdata.jar;C:\Program Files\Java\jdk1.8.0_131\jre\lib\ext\dnsns.jar;C:\Program Files\Java\jdk1.8.0_131\jre\lib\ext\jaccess.jar;C:\Program Files\Java\jdk1.8.0_131\jre\lib\ext\jfxrt.jar;C:\Program Files\Java\jdk1.8.0_131\jre\lib\ext\localedata.jar;C:\Program Files\Java\jdk1.8.0_131\jre\lib\ext\nashorn.jar;C:\Program Files\Java\jdk1.8.0_131\jre\lib\ext\sunec.jar;C:\Program Files\Java\jdk1.8.0_131\jre\lib\ext\sunjce_provider.jar;C:\Program Files\Java\jdk1.8.0_131\jre\lib\ext\sunmscapi.jar;C:\Program Files\Java\jdk1.8.0_131\jre\lib\ext\sunpkcs11.jar;C:\Program Files\Java\jdk1.8.0_131\jre\lib\ext\zipfs.jar;C:\Program Files\Java\jdk1.8.0_131\jre\lib\javaws.jar;C:\Program Files\Java\jdk1.8.0_131\jre\lib\jce.jar;C:\Program Files\Java\jdk1.8.0_131\jre\lib\jfr.jar;C:\Program Files\Java\jdk1.8.0_131\jre\lib\jfxswt.jar;C:\Program Files\Java\jdk1.8.0_131\jre\lib\jsse.jar;C:\Program Files\Java\jdk1.8.0_131\jre\lib\management-agent.jar;C:\Program Files\Java\jdk1.8.0_131\jre\lib\plugin.jar;C:\Program Files\Java\jdk1.8.0_131\jre\lib\resources.jar;C:\Program Files\Java\jdk1.8.0_131\jre\lib\rt.jar;F:\springcode\crm-project\crm\target\test-classes;F:\springcode\crm-project\crm\target\classes;F:\maven\repository\org\springframework\spring-context\5.2.5.RELEASE\spring-context-5.2.5.RELEASE.jar;F:\maven\repository\org\springframework\spring-aop\5.2.5.RELEASE\spring-aop-5.2.5.RELEASE.jar;F:\maven\repository\org\springframework\spring-core\5.2.5.RELEASE\spring-core-5.2.5.RELEASE.jar;F:\maven\repository\org\springframework\spring-jcl\5.2.5.RELEASE\spring-jcl
Launcher Type: SUN_STANDARD

Environment Variables:
JAVA_HOME=C:\Program Files\Java\jdk1.8.0_131\
CLASSPATH=.;F:\javaweb\tomcat\apache-tomcat-9.0.68\webapps\szu\WEB-INF\lib\mysql-connector-java-5.1.23-bin.jar;F:\javaweb\tomcat\apache-tomcat-9.0.68\lib\servlet-api.jar;
PATH=C:\Program Files\Common Files\Oracle\Java\javapath;C:\ProgramData\Oracle\Java\javapath;C:\Windows\system32;C:\Windows;C:\Windows\System32\Wbem;C:\Windows\System32\WindowsPowerShell\v1.0\;C:\Windows\System32\OpenSSH\;C:\Program Files (x86)\NVIDIA Corporation\PhysX\Common;C:\Program Files\NVIDIA Corporation\NVIDIA NvDLISR;C:\Program Files\Java\jdk1.8.0_162\bin;C:\WINDOWS\system32;C:\WINDOWS;C:\WINDOWS\System32\Wbem;C:\WINDOWS\System32\WindowsPowerShell\v1.0\;C:\Program Files\Java\jdk1.8.0_131\\bin;C:\Program Files\Java\jdk1.8.0_131\\jre\bin;C:\Program Files (x86)\MySQL\MySQL Server 5.5\bin;F:\Dong LI\Gong Ju\mysql-connector-java-5.1.23\mysql-connector-java-5.1.23-bin.jar;C:\Program Files\Common Files\Autodesk Shared\;F:\javaweb\tomcat\apache-tomcat-9.0.68\bin;F:\maven\apache-maven-3.3.9\bin;C:\Program Files\Java\jdk-17.0.5\bin;E:\bandizip\;C:\Program Files\nodejs\;C:\Program Files (x86)\Rational\common;C:\Users\秋水\AppData\Local\Microsoft\WindowsApps;;D:\IDEA\Idea\IntelliJ IDEA 2021.3.2\bin;;C:\Users\秋水\AppData\Roaming\npm;D:\webModule\cpolar\
USERNAME=秋水
OS=Windows_NT
PROCESSOR_IDENTIFIER=AMD64 Family 23 Model 96 Stepping 1, AuthenticAMD



---------------  S Y S T E M  ---------------

OS: Windows 10.0 , 64 bit Build 19041 (10.0.19041.2364)

CPU:total 16 (initial active 16) (16 cores per cpu, 1 threads per core) family 23 model 96 stepping 1, cmov, cx8, fxsr, mmx, sse, sse2, sse3, ssse3, sse4.1, sse4.2, popcnt, avx, avx2, aes, clmul, mmxext, 3dnowpref, lzcnt, sse4a, tsc, tscinvbit, tscinv, bmi1

Memory: 4k page, physical 16119108k(715584k free), swap 38297408k(5308k free)

vm_info: Java HotSpot(TM) 64-Bit Server VM (25.131-b11) for windows-amd64 JRE (1.8.0_131-b11), built on Mar 15 2017 01:23:53 by "java_re" with MS VC++ 10.0 (VS2010)

time: Wed Jan 18 21:17:42 2023
elapsed time: 0 seconds (0d 0h 0m 0s)

